----------09-22-2018 @ 17:00:19----------
Array
(
    [callback] => query_related_themes
)
Array
(
    [action] => lp_query_items
    [nonce] => c578872a35
    [0] => Array
        (
            [callback] => query_free_addons
        )

)


=> file      :D:\xampp\htdocs\kedoknew1\wp-content\plugins\learnpress\inc\abstracts\abstract-background-process.php
=> line      :115
=> function  :add
=> class     :LP_Debug
-----------------------------------------


----------09-22-2018 @ 17:00:16----------
Array
(
    [callback] => query_premium_addons
)
Array
(
    [action] => lp_query_items
    [nonce] => c578872a35
    [0] => Array
        (
            [callback] => query_free_addons
        )

)


=> file      :D:\xampp\htdocs\kedoknew1\wp-content\plugins\learnpress\inc\abstracts\abstract-background-process.php
=> line      :115
=> function  :add
=> class     :LP_Debug
-----------------------------------------


----------09-22-2018 @ 17:00:13----------
Array
(
    [callback] => query_free_addons
)
Array
(
    [action] => lp_query_items
    [nonce] => c578872a35
    [0] => Array
        (
            [callback] => query_free_addons
        )

)


=> file      :D:\xampp\htdocs\kedoknew1\wp-content\plugins\learnpress\inc\abstracts\abstract-background-process.php
=> line      :115
=> function  :add
=> class     :LP_Debug
-----------------------------------------


----------09-22-2018 @ 16:04:37----------
Array
(
    [check_tables] => yes
)
Array
(
    [action] => lp_lp_installer
    [nonce] => a7ca0ffcda
    [0] => Array
        (
            [check_tables] => yes
        )

)


=> file      :D:\xampp\htdocs\kedoknew1\wp-content\plugins\learnpress\inc\abstracts\abstract-background-process.php
=> line      :115
=> function  :add
=> class     :LP_Debug
-----------------------------------------


----------09-22-2018 @ 16:04:37----------
Array
(
    [check_tables] => yes
)
Array
(
    [action] => lp_lp_installer
    [nonce] => a7ca0ffcda
    [0] => Array
        (
            [check_tables] => yes
        )

)


=> file      :D:\xampp\htdocs\kedoknew1\wp-content\plugins\learnpress\inc\abstracts\abstract-background-process.php
=> line      :115
=> function  :add
=> class     :LP_Debug
-----------------------------------------


----------09-22-2018 @ 16:04:37----------
Array
(
    [check_tables] => yes
)
Array
(
    [action] => lp_lp_installer
    [nonce] => a7ca0ffcda
    [0] => Array
        (
            [check_tables] => yes
        )

)


=> file      :D:\xampp\htdocs\kedoknew1\wp-content\plugins\learnpress\inc\abstracts\abstract-background-process.php
=> line      :115
=> function  :add
=> class     :LP_Debug
-----------------------------------------


----------09-22-2018 @ 16:04:37----------
Array
(
    [check_tables] => yes
)
Array
(
    [action] => lp_lp_installer
    [nonce] => a7ca0ffcda
    [0] => Array
        (
            [check_tables] => yes
        )

)


=> file      :D:\xampp\htdocs\kedoknew1\wp-content\plugins\learnpress\inc\abstracts\abstract-background-process.php
=> line      :115
=> function  :add
=> class     :LP_Debug
-----------------------------------------


----------09-22-2018 @ 16:04:37----------
Array
(
    [check_tables] => yes
)
Array
(
    [action] => lp_lp_installer
    [nonce] => a7ca0ffcda
    [0] => Array
        (
            [check_tables] => yes
        )

)


=> file      :D:\xampp\htdocs\kedoknew1\wp-content\plugins\learnpress\inc\abstracts\abstract-background-process.php
=> line      :115
=> function  :add
=> class     :LP_Debug
-----------------------------------------


----------09-22-2018 @ 16:04:37----------
Array
(
    [check_tables] => yes
)
Array
(
    [action] => lp_lp_installer
    [nonce] => a7ca0ffcda
    [0] => Array
        (
            [check_tables] => yes
        )

)


=> file      :D:\xampp\htdocs\kedoknew1\wp-content\plugins\learnpress\inc\abstracts\abstract-background-process.php
=> line      :115
=> function  :add
=> class     :LP_Debug
-----------------------------------------


